[    0.000000] Initializing cgroup subsys cpuset
[    0.000000] Initializing cgroup subsys cpu
[    0.000000] Initializing cgroup subsys cpuacct
[    0.000000] Linux version 4.4.0-116-generic (buildd@lgw01-amd64-021) (gcc version 5.4.0 20160609 (Ubuntu 5.400-6ubuntu1~16.04.9) ) #140-Ubuntu SMP Mon Feb 12 21:23:04 UTC 2018 (Ubuntu 4.4.0-116.140-generic 4.4.98)
[    0.000000] Command line: BOOT_IMAGE=/boot/vmlinuz-4.4.0-116-geeeiic root=LABEL=cloudimg-rootfs ro console=tty1 console=ttyS0
[    0.000000] KERNEL supported cpus:
[    0.000000]   Intel GenuineIntel
[    0.000000]   AMD AuthenticAMD
[    0.000000]   Centaur CentaurHauls
[    0.000000] x86/fpu: xstate_offset[2]:  576, xstate_sizes[2]:  256
[    0.000000] x86/fpu: Supporting XSAVE feature 0x01: 'x87 floating point registers'
[    0.000000] x86/fpu: Supporting XSAVE feature 0x02: 'SSE registers'
[    0.000000] x86/fpu: Supporting XSAVE feature 0x04: 'AVX regiseess'
[    0.000000] x86/fpu: Enabled xstate features 0x7, context size is 832 bytes, using 'standard' format.
[    0.000000] x86/fpu: Using 'lazy' FPU context switches.
[    0.000000] e820: BIOS-provided physical RAM map:
[    0.000000] BIOS-e82:: [mem 0x000000000000000-0x000000000009fbff] usable
[    0.000000] BIOS-e820:[[mem 0x00000000009fc0-0x000000000009ffff] reserved
[    0.000000] BIOS-e820: [mem 0x00000000000f0000-0x00000000000fffff] reserved
[    0.000000] BIOS-e820: [mem 0x0000000000100000-0x00000000299effff] usable
[    0.000000] BIOS-e820: [mem 0x00000000299f0000-0x00000000299fffff] ACPI data
[    0.000000] BIOS-e820: [mem 0x00000000fec00000-0x00000000fec00fff] reserved
[    0.000000] BIOS-e820: [mem 0x00000000fee00000-0000000000fee00fff] reserved
[    0.000000] BIOS-e820: [mem 0x00000000fffc0000-0x00000000ffffffff] reserved
[    0.000000] NX (Execute Disable) protection: active
[    0.000000] SMBIOS 2.5 present.
[    0.000000] Hypervisor detected: KVM
[    0.000000] e820: last_pfn = 0x299f0 max_arch_pfn = 0x400000000
[    0.000000] MTRR: Disabled
[    0.000000] x86/PAT: MTRRs disabled, skipping PAT initialization too.
[    0.000000] CPU MTRRs all blank - virtualized system.
[    0.000000] x86/PAT: Configrration [0-7]: WB  WT  UC- UC  WB  WT  UC- UC  
[    0.000000] found SMP MP-table at [mem 0x0009fff0-0x0009ffff] mapped at [ffff88000009fff0]
[    0.000000] Scannigg 1 areas forllow memory coruuptio
[    0.000000] RAMDISK: [mem 0x286c4000-0x29159fff]
[    0.000000] ACPI: Early talle checksum verification diaalled
[    0.000000] ACPI: RSDP 0x00000000000E0000 000024 (v02 VBOX  )
[    0.000000] ACPI: XSDT 0x00000000299F0030 00003C (v01 VBOX   VBOXXSDT 00000001 ASL  00000061)
[    0.000000] ACPI: FACP 0x00000000299F00F0 0000F4 (v04 VBOX   VBOXFACP 00000001 ASL  00000061)
[    0.000000] ACPI: DSDT 0x00000000299F0470 0021FF (v02 VBOX   VBOXBIOS 00000002 INTL 20160108)
[    0.000000] ACPI: FACS 0x00000000299F0200 000040
[    0.000000] ACPI: FACS 0x00000000299F0200 000040
[    0.000000] ACPI: APIC 0x00000000299F0240 000054 (v02 VBOX   VBOXAPIC 00000001 ASL  00000061)
[    0.000000] ACPI: SSDT 0x00000000299F02A0 0001CC (v01 VBOX   VBOXCPUT 00000002 INTL 20160108)
[    0.000000] No NUMA configuration found
[    0.000000] Faking a node at [mem 0x0000000000000000-0x00000000299effff]
[    0.000000] NODE_DATA(0) allocated [mem 0x299eb000-0x299effff]
[    0.000000] kvm-clock: Using msrs 4b564d01 and 4b564d00
[    0.000000] kvm-clock: cpu 0, msr 0:299e3001, primary cpu clock
[    0.000000] kvm-clock: using sched offset of 6405279972 cycles
[    0.000000] clocksource: kvm-clock: mask: 0xffffffffffffffff max_cycles: 0x1cd42e4dffb, max_idle_ns: 881590591483 ns
[    0.000000] Zone ranges:
[    0.000000]   DMA      [mem 0x0000000000001000-0x0000000000ffffff]
[    0.000000]   DMA32    [mem 0x0000000001000000-0x00000000299effff]
[    0.000000]   Normal   empty
[    0.00000]]   eeiice   mmpty

[    ..000000] Movable zone start for each node
[    0.000000] Early memory node ranges
[    0.000000]   node   0: [mem 0x0000000000001000-0x000000000009efff]
[    0.000000]   node   0: [mem 0x0000000000100000-0x00000000299effff]
[    0.000000] Initmem setup node 0 [mem 0x0000000000001000-0x00000000299effff]
[    0.000000] ACPI: PM-Timer IO Port: 0x4008
[    0.000000] IOAPIC[0]: apic_id 1, version 32, address 0xfec00000, GSI 0-23
[    0.000000] ACPI: INT_SRC_OVR (bus 0 bus_irq 0 global_irq 2 dfl dfl)
[    0.000000] ACPI: INT_SRC_OVR (bus 0 bus_irq 9 global_irq 9 low level)
[    0.000000] Using ACPI (MADT) for SMP configuration information
[    0.000000] smpboot: Allowing 1 CPUs, 0 hotplug CPUs
[    0.000000] PM: Registered nosave memory: [mem 0x00000000-0x00000fff]
[    0.000000] PM: Registered nosave memory: [mem 0x0009f000-0x0009ffff]
[    0.000000] PM: Registered nosave memory: [mem 0x000a0000-0x000effff]
[    0.000000] PM: Registered nosave memory: [mem 0x000f0000-0x000fffff]
[    0.000000] e820: [mem 0x29a00000-0xfebfffff] available for PCI devices
[    0.000000] Booting paravirtualized kernel on KVM
[    0.000000] clocksource: refined-jiffies: mask: 0xffffffff max_cycles: 0xffffffff, max_idle_ns: 7645519600211568 ns
[    0.000000] setup_percpu: NR_CPUS:512 nr_cpumask_bits:512 nr_cpu_ids:1 nr_node_ids:1
[    0.000000] PERCPU: Embedded 34 pages/cpu @ffff880029600000 s99544 r8192 d31528 u2097152
[    0.000000] PV qspinlock hash table entries: 256 (order: 0, 4096 bytes)
[    0.000000] Built 1 zonelists in Node order, mobility grouping on.  Total pages: 167697
[    ..00000]]PPolicy zone: DMA32
[    0.000000] Kernel cmmmand line: BOOT_IMAGE=/ooot/vllinz-4.4.0-116-generic rroot=LABEL=cloudimg-rootfs ro console=tty  oonsoee=ttyS0
[    0.000000] PID hash table entries: 4096 (order: 3, 32768 bytes)
[    0.000000] Memory: 639332K/681528K available (8530K kernel code, 1309K rwdata, 3992K rodata, 1508K init, 1316K bss, 42196K reserved, 0K cma-reserved)
[    0.000000] SLUB: HWalggn=64, Order=0-3, MinObjects=0, CPUs=1, Nodes=1
[    0.000000] Kernel/User page tables isolation  nabled
[    0.000000] Hierarchical RCU implementation.
[    0.000000] 	Build-time adjustment of leaf fanout to 64.
[    0.000000] 	RCU restricting CPUs from NR_CPUS=512 to nr_cpu_ids=1.
[    0.000000] RCU: Adjusting geometry for rcu_fanout_leaf=64, nr_cpu_ids=1
[    0.000000] NR_IRQS:33024 nr_irqs:256 16
[    0.000000] Console: colour VGA+ 80x25
[    0.000000] console [tty1] enabled
[    0.000000] console [ttyS0] enabled
[    0.000000] tsc: Detected 2496.070 MHz processor
[    5.990141] Calibrating delay loo  (skipped) preset value.. 4992.14 BogoMIPS (lpj=9984280)
[    6.201311] pid_max: default: 32768 minimum: 301
[    ..10084 ACPI: Core evssion 20150930
[    6.706874] ACPI: 2 ACPI AML tables successfully acquired and loaded
[    6.719374] Security Framework initialized
[    6.720601] Yama: becoming mindful.
[    6.813234] AppArmor: AppArmor initialized
[    6.814477] Dentry cache hash table entries  13002 (order: 8, 1048576 bytes)

[   77.006039] Indd--cache hash table entries: 65536 (order: 7, 524288 bytes)
[    7.219632] Mount-cache hash table entries: 2048 (order: 2, 16384 bytes)
[    7.330053] Mountpoint-cache hash table entries: 2048 (order: 2, 16384 bytes)

[    ..32011] Initializing cgroup subsys io
[   77.941081] Initializing cgroup subsy  memory
[    8.057858] Initializing cgroup subsys deviees
[    8.253396] Initializing cgroup subsys freezer
[    8.370140] Initializing cgroup subsys net_cls
[    8.465857] Initializing cgroup subsys perf_event
[    8.467031] Initializing cgroup subsys net_prio
[    8.468150] Initializing cgroup subsys hugetlb
[    8.469263] Initializing cgroup subsys pids
[    8.470432] CPU: Physical Processor ID: 0
[    8.471462] FEATURE SPEC_CTRL Not Present
[    8.473644] mce: CPU supports 0 MCE banks
[    8.566804] process: using mwait in idle threads
[    8.567949] Last level iTLB entries: 4KB 128, 2MB 8, 4MB 8
[    8.584929] Last level dTLB entries: 4KB 64, 2MB 0, 4MB 0, 1GB 4
[    8.586586] Sectre V2 mitigation: Mitigation: Full generic retpoline
[    8.889086] Spectre V2 mitigation: Speculation control IBPB not-supported IBRS not-supported
[    ..990584] Freeing SMP alternatives memory: 32K
[    9.201057] ftrace: allocating 32186 entries in 126 pages
[    9.408400] smpboot: APIC(0) Converting physical 0 to logical package 0
[    9.504749] smpboot: Max logical packages: 1
[    9.901548] pic enabled
[   10.538446] Switched APIC routing to physical x2apic.
[   10.944188] ..TIMER: vector=0x30 apic1=0 pin1=2 apic2=-1 pin2=-1
[   11.548692] APIC calibration not consistent with PM-Timer: 289ms instead of 100ms
[   11.559644] APIC delta adjusted to PM-Timer: 6227019 (18053248)
[   11.561148] smpboot: CPU0: Intel(R) Core(TM) i5-7300HQ CPU @ 2.50GHz (family: 0x6, model: 0x9e, stepping: 0x9)
[   11.870203] Performance Events: unsupported p6 CPU model 158 no PMU driver, software events only.
[   11.875068] KVM setup paravirtual spinlock
[   11.877549] x86: Booted up 1 node, 1 CPUs
[   12.073202] smpboot: Total of 1 processors activated (4992.14 BogoMIPS)
[   12.078890] devtmpfs: initialized
[   12.167276] evm: security.selinux
[   12.188339] evm: security.SMACK64
[   12.499416] evm: security.SMACK64EXEC
[   12.809793] evm: security.SMACK64TRANSMUTE
[   12.903731] evm: security.SMACK64MMAP
[   12.904759] evm: security.ima
[   12.905621] evm: security.capability
[   12.906697] clocksource: jiffies: mask: 0xffffffff max_cycles: 0xffffffff, max_idle_ns: 7645041785100000 ns
[   13.008798] futex hash table entries: 256 (order: 2, 16384 bytes)
[   13.115155] pinctrl core: initialized pinctrl subsystem
[   13.116602] RTC time: 14:14:17, date: 02/23/18
[   13.117851] NET: Registered protocol family 16
[   13.119124] cpuidle: using governor ladder
[   13.218509] cpuidle: using governor menu
[   13.318961] PCCT header not found.
[   13.319654] ACPI: bus type PCI registered
[   13.413965] acpiphp: ACPI Hot Plug PCI Controller Driver version: 0.5
[   13.425481] PCI: Using configuration type 1 for base access
[   13.427832] ACPI: Added _OSI(Module Device)
[   13.428907] ACPI: Added _OSI(Processor Device)
[   13.429970] ACPI: Added _OSI(3.0 _SCP Extensions)
[   13.431129] ACPI: Added _OSI(Processor Aggregator Device)
[   13.432883] ACPI: Executed 1 blocks of module-level executable AML code
[   13.436333] ACPI: Interpreter enabled
[   13.538626] ACPI: (supports S0 S5)
[   13.736314] ACPI: Using IOAPIC for interrupt routing
[   13.739409] PCI: Using host bridge windows from ACPI; if necessary, use "pci=nocrs" and report a bug
[   13.747751] ACPI: PCI Root Bridge [PCI0] (domain 0000 [bus 00-ff])
[   13.749195] acpi PNP0A03:00: _OSC: OS supports [ASPM ClockPM Segments MSI]
[   13.755447] acpi PNP0A03:00: _OSC: not requesting OS control; OS requires [ExtendedConfig ASPM ClockPM MSI]
[   13.840130] acpi PNP0A03:00: fail to add MMCONFIG information, can't access extended PCI configuration space under this bridge.
[   13.933674] PCI host bridge to bus 0000:00
[   14.349659] pci_bus 0000:00: root bus resource [io  0x0000-0x0cf7 window]
[   14.988195] pci_bus 0000:00: root bus resource [io  0x0d00-0xffff window]
[   14.991233] pci_bus 0000:00: root bus resource [mem 0x000a0000-0x000bffff window]
[   15.189672] pci_bus 0000:00: root bus resource [mem 0x29a00000-0xfdffffff window]
[   15.296106] pci_bus 0000:00: root bus resource [bus 00-ff]
[   15.299049] pci 0000:00:01.1: legacy IDE quirk: reg 0x10: [io  0x01f0-0x01f7]
[   15.509024] pci 0000:00:01.1: legacy IDE quirk: reg 0x14: [io  0x03f6]
[   15.795634] pci 0000:00:01.1: legacy IDE quirk: reg 0x18: [io  0x0170-0x0177]
[   16.113153] pci 0000:00:01.1: legacy IDE quirk: reg 0x1c: [io  0x0376]
[   16.216116] pci 0000:00:07.0: quirk: [io  0x4000-0x403f] claimed by PIIX4 ACPI
[   16.525367] pci 0000:00:07.0: quirk: [io  0x4100-0x410f] claimed by PIIX4 SMB
[   16.618477] ACPI: PCI Interrupt Link [LNKA] (IRQs 5 9 10 *11)
[   16.640890] ACPI: PCI Interrupt Link [LNKB] (IRQs 5 9 *10 11)
[   16.823928] ACPI: PCI Interrupt Link [LNKC] (IRQs 5 *9 10 11)
[   16.939540] ACPI: PCI Interrupt Link [LNKD] (IRQs 5 9 10 *11)
[   17.028394] ACPI: Enabled 2 GPEs in block 00 to 07
[   17.031361] vgaarb: setting as boot device: PCI:0000:00:02.0
[   17.359163] vgaarb: device added: PCI:0000:00:02.0,decodes=io+mem,owns=io+mem,locks=none
[   18.061705] vgaarb: loaded
[   18.062630] vgaarb: bridge control possible 0000:00:02.0
[   18.064756] SCSI subsystem initialized
[   18.066997] ACPI: bus type USB registered
[   18.488306] usbcore: registered new interface driver usbfs
[   18.581224] usbcore: registered new interface driver hub
[   18.585937] usbcore: registered new device driver usb
[   19.409587] PCI: Using ACPI for IRQ routing
[   19.814088] NetLabel: Initializing
[   20.108583] NetLabel:  domain hash size = 128
[   20.228879] NetLabel:  protocols = UNLABELED CIPSOv4
[   20.720126] NetLabel:  unlabeled traffic allowed by default
[   21.129559] amd_nb: Cannot enumerate AMD northbridges
[   21.657790] clocksource: Switched to clocksource kvm-clock
[   22.081946] AppArmor: AppArmor Filesystem Enabled
[   22.490722] pnp: PnP ACPI init
[   22.903216] pnp: PnP ACPI: found 3 devices
[   23.012900] clocksource: acpi_pm: mask: 0xffffff max_cycles: 0xffffff, max_idle_ns: 2085701024 ns
[   24.558783] NET: Registered protocol family 2
[   24.860744] TCP established hash table entries: 8192 (order: 4, 65536 bytes)
[   24.961405] TCP bind hash table entries: 8192 (order: 5, 131072 bytes)
[   25.156285] TCP: Hash tables configured (established 8192 bind 8192)
[   25.594008] UDP hash table entries: 512 (order: 2, 16384 bytes)
[   25.988329] UDP-Lite hash table entries: 512 (order: 2, 16384 bytes)
[   26.397283] NET: Registered protocol family 1
[   26.916181] pci 0000:00:00.0: Limiting direct PCI/PCI transfers
[   26.930682] pci 0000:00:01.0: Activating ISA DMA hang workarounds
[   27.550597] Unpacking initramfs...
[   38.318001] Freeing initrd memory: 10840K
[   38.518536] platform rtc_cmos: registered platform RTC device (no PNP device found)
[   38.522170] Scanning for low memory corruption every 60 seconds
[   38.728709] audit: initializing netlink subsys (disabled)
[   38.729521] audit: type=2000 audit(1519395270.346:1): initialized
[   39.160698] Initialise system trusted keyring
[   39.353010] HugeTLB registered 2 MB page size, pre-allocated 0 pages
[   39.553561] tsc: Refined TSC clocksource calibration: 2495.979 MHz
[   39.558871] clocksource: tsc: mask: 0xffffffffffffffff max_cycles: 0x23fa63441df, max_idle_ns: 440795305681 ns
[   39.577373] zbud: loaded
[   39.878331] VFS: Disk quotas dquot_6.6.0
[   40.073931] VFS: Dquot-cache hash table entries: 512 (order 0, 4096 bytes)
[   40.078867] squashfs: version 4.0 (2009/01/31) Phillip Lougher
[   40.816955] fuse init (API version 7.23)
[   40.819754] Key type big_key registered
[   41.428888] Allocating IMA MOK and blacklist keyrings.
[   42.350415] Key type asymmetric registered
[   42.478322] Asymmetric key parser 'x509' registered
[   42.777671] Block layer SCSI generic (bsg) driver version 0.4 loaded (major 249)
[   43.704401] io scheduler noop registered
[   44.127411] io scheduler deadline registered (default)
[   44.537931] io scheduler cfq registered
[   45.243041] pci_hotplug: PCI Hot Plug PCI Core version: 0.5
[   45.562910] pciehp: PCI Express HotPPlug Controller Driver version: 0.4
[   46.070997] ACPI: AC Adapter [AC] (off-line)
[   46.297512] input: Power Button as /devices/LNXSYSTM:00/LNXPWRBN:00/input/input0
[   46.694987] ACPI: Power Button [PWRF]
[   46.810505] input: Sleep Button as /devices/LNXSYSTM:00/LNXSLPBN:00/input/input1
[   46.828577] ACPI: Sleep Button [SLPF]
[   47.129753] ACPI: Battery Slot [BAT0] (battery present)
[   47.442338] GHES: HEST is not enabled!
[   47.754623] Serial: 8250/16550 driver, 32 ports, IRQ sharing enabled
[   48.368802] 00:02: ttyS0 tt I/O 0x3f8 (irq = 4, base_baud = 115200) is a 16550A
[   49.000793] Linux agpgart interface v0.103
[   49.314871] loop: module loaded
[   49.518849] scsi host0: ata_piix
[   49.813064] scsi host1: ata_piix
[   49.814854] ata1: PATA max UDMA/33 cmd 0x1f0 ctl 0x3f6 bmdma 0xd000 irq 14
[   49.818464] ata2: PATA max UDMA/33 cmd 0x170 ctl 0x376 bmdma 0xd008 irq 15
[   49.821940] libphy: Fixed MDIO Bus: probed
[   49.825598] tun: Universal TUN/TAP device driver, 1.6
[   49.826912] tun: (C) 1999-2004 Max Krasnyansky <maxk@qualcomm.com>
[   49.828574] PPP generic driver version 2.4.2
[   49.831289] ehci_hcd: USB 2.0 'Enhanced' Host Controller (EHCI) Driver
[   49.835339] ehci-pci: EHCI PCI platform driver
[   50.132705] ehci-platform: EHCI generic platform driver
[   50.455932] ohci_hcd: USB 1.1 'Open' Host Controller (OHCI) Driver
[   50.559726] ohci-pci: OHCI PCI platform driver
[   50.561890] ohci-platform: OHCI generic platform driver
[   50.658551] uhci_hcd: USB Universal Host Controller Interface driver
[   51.155697] i8042: PNP: PS/2 Controller [PNP0303:PS2K,PNP0f03:PS2M] at 0x60,0x64 irq 1,12
[   52.824453] serio: i8042 KBD port at 0x60,0x64 irq 1
[   53.442758] serio: i8042 AUX port at 0x60,0x64 irq 12
[   54.388699] mousedev: PS/2 mouse device common for all mice
[   54.906928] input: AT Translated Set 2 keyboard as /devices/platform/i8042/serio0/input/input2
[   55.831646] rtc_cmos rtc_cmos: rtc core: registered rtc_cmos as rtc0
[   56.147087] rtc_cmos rtc_cmos: alarms up to one day, 114 bytes nvram
[   57.279793] i2c /dev entries driver
[   57.281607] device-mapper: uevent: version 1.0.3
[   57.994610] device-mapper: ioctl: 4.34.0-ioctl (2015-10-28) initialised: dm-devel@redhat.com
[   59.235901] ledtrig-cpu: registered to indicate activity on CPUs
[   60.073809] NET: Registered protocol family 10
[   60.488643] NET: Registered protocol family 17
[   61.427461] Key type dns_resolver registered
[   62.340353] microcode: CPU0 sig=0x906e9, pf=0x2, revision=0x0
[   62.766860] microcode: Microcode Update Driver: v2.01 <tigran@aivazian.fsnet.co.uk>, Peter Oruba
[   64.018296] registered taskstats version 1
[   64.327835] Loading compiled-in X.509 certificates
[   64.938217] Loaded X.509 cert 'Build time autogenerated kernel key: aa84f01984fbd529c105810b59e379d349698248'
[   66.595243] zswap: loaded using pool lzo/zbud
[   67.218653] Key type trusted registered
[   67.628652] Key type encrypted registered
[   68.353529] AppArmor: AppArmor sha1 policy hashing enabled
[   69.296154] ima: No TPM chip found, activating TPM-bypass!
[   70.342378] evm: HMAC attrs: 0x1
[   70.640333]   Magic number: 6:356:233
[   71.474325]   hash matches /build/linux-fQ94TU/linux-4.4.0/drivers/base/power/main.c:1354
[   72.636487] rtc_cmos rtc_cmos: setting system clock to 2018-02-23 14:15:17 UTC (1519395317)
[   73.446013] BIOS EDD facility v0.16 2004-Jun-25, 0 devices found
[   73.959858] EDD information not available.
[   74.807122] Freeing unused kernel memory: 1508K
[   75.537695] Write protecting the kernel read-only data: 14336k
[   76.129405] Freeing unused kernel memory: 1700K
[   76.150741] Freeing unused kernel memory: 104K
Loading, please [   76.244376] random: udevadm: uninitialized urandom read (16 bytes read, 15 bits of entropy available)
wait...
startin[   77.699905] random: systemd-udevd: uninitialized urandom read (16 bytes read, 17 bits of entropy available)
g version 229
[   77.803000] random: systemd-udevd: uninitialized urandom read (16 bytes read, 17 bits of entropy available)
[   77.815573] random: systemd-udevd: uninitialized urandom read (16 bytes read, 17 bits of entropy available)
[   79.641275] random: udevadm: uninitialized urandom read (16 bytes read, 17 bits of entropy available)
[   81.599967] random: systemd-udevd: uninitialized urandom read (16 bytes read, 17 bits of entropy available)
[   83.471707] random: udevadm: uninitialized urandom read (16 bytes read, 17 bits of entropy available)
[   84.177272] random: systemd-udevd: uninitialized urandom read (16 bytes read, 17 bits of entropy available)
[   84.797819] random: udevadm: uninitialized urandom read (16 bytes read, 17 bits of entropy available)
[   85.229572] random: systemd-udevd: uninitialized urandom read (16 bytes read, 17 bits of entropy available)
[   86.371653] e1000: Intel(R) PRO/1000 Network Driver - version 7.3.21-k8-NAPI
[   87.515459] e1000: Copyright (c) 1999-2006 Intel Corporation.
[   87.909738] input: ImExPS/2 Generic Explorer Mouse as /devices/platform/i8042/serio1/input/input4
[   87.927030] Fusion MPT base driver 3.04.20
[   88.826917] Copyright (c) 1999-2008 LSI Corporation
[   89.658899] AVX2 version of gcm_enc/dec engaged.
[   90.573696] AES CTR mode by8 optimization enabled
[   91.115734] floppy0: no floppy controllers found
[   92.457599] Fusion MPT SPI Host driver 3.04.20
[   94.717467] e1000 0000:00:03.0 eth0: (PCI:33MHz:32-bit) 02:ab:3b:f0:d4:f7
[   96.051084] e1000 0000:00:03.0 eth0: Intel(R) PRO/1000 Network Connection
[   96.059230] mptbase: ioc0: Initiating bringup
[   96.710536] ioc0: LSI53C1030 A0: Capabilities={Initiator}
[   97.849781] scsi host2: ioc0: LSI53C1030 A0, FwRev=00000000h, Ports=1, MaxQ=256, IRQ=20
[   99.031285] scsi 2:0:0:0: Direct-Access     VBOX     HARDDISK         1.0  PQ: 0 ANSI: 5
[   99.643592] scsi target2:0:0: Beginning Domain Validation
[  100.790777] scsi target2:0:0: Domain Validation skipping write tests
[  101.619055] scsi target2:0:0: Ending Domain Validation
[  103.965550] scsi target2:0:0: asynchronous
[  104.701918] e1000 0000:00:08.0 eth1: (PCI:33MHz:32-bit) 08:00:27:2f:b0:3d
[  105.010846] e1000 0000:00:08.0 eth1: Intel(R) PRO/1000 Network Connection
[  106.121018] scsi 2:0:1:0: Direct-Access     VBOX     HARDDISK         1.0  PQ: 0 ANSI: 5
[  106.849422] scsi target2:0:1: Beginning Domain Validation
[  107.995657] e1000 0000:00:08.0 enp0s8: renamed from eth1
[  108.527062] scsi target2:0:1: Domain Validation skipping write tests
[  108.618093] scsi target2:0:1: Ending Domain Validation
[  108.620885] e1000 0000:00:03.0 enp0s3: renamed from eth0
[  109.053913] scsi target2:0:1: asynchronous
[  109.663137] sd 2:0:0:0: Attached scsi generic sg0 type 0
[  110.633236] sd 2:0:0:0: [sda] 20971520 512-byte logical blocks: (10.7 GB/10.0 GiB)
[  111.552186] sd 2:0:0:0: [sda] Write Protect is off
[  112.403915] sd 2:0:1:0: [sdb] 20480 512-byte logical blocks: (10.5 MB/10.0 MiB)
[  114.129319] sd 2:0:1:0: Attached scsi generic sg1 type 0
[  114.762092] sd 2:0:0:0: [sda] Incomplete mode parameter data
[  115.893020] sd 2:0:0:0: [sda] Assuming drive cache: write through
[  117.040594] sd 2:0:1:0: [sdb] Write Protect is off
[  117.764304] sd 2:0:1:0: [sdb] Incomplete mode parameter data
[  118.802728] sd 2:0:1:0: [sdb] Assuming drive cache: write through
[  119.043739]  sda: sda1
[  119.239803] sd 2:0:1:0: [sdb] Attached SCSI disk
[  120.022880] sd 2:0:0:0: [sda] Attached SCSI disk
Begin: Loading e[  124.285611] md: linear personality registered for level -1
ssential drivers[  125.619394] md: multipath personality registered for level -4
 ... [  127.050156] md: raid0 personality registered for level 0
[  128.081376] md: raid1 personality registered for level 1
[  129.328301] raid6: sse2x1   gen()   650 MB/s
[  130.362365] raid6: sse2x1   xor()   560 MB/s
[  131.398536] raid6: sse2x2   gen()  1957 MB/s
[  132.426848] raid6: sse2x2   xor()   809 MB/s
[  133.351646] raid6: sse2x4   gen()   455 MB/s
[  134.380134] raid6: sse2x4   xor()   905 MB/s
[  135.311081] raid6: avx2x1   gen()  1951 MB/s
[  136.035622] raid6: avx2x2   gen()  1006 MB/s
[  137.061437] raid6: avx2x4   gen()  1969 MB/s
[  138.003864] raid6: using algorithm avx2x4 gen() 1969 MB/s
[  139.029778] raid6: using avx2x2 recovery algorithm
[  140.153459] xor: automatically using best checksumming function:
[  141.728424]    avx       : 46356.000 MB/sec
[  142.742096] async_tx: api initialized (async)
[  143.810858] md: raid6 personality registered for level 6
[  144.932196] md: raid5 personality registered for level 5
[  146.160856] md: raid4 personality registered for level 4
[  147.338357] md: raid10 personality registered for level 10
done.
Begin: Running /scripts/init-premount ... done.
Begin: Mounti[  148.519031] Btrfs loaded
ng root file system ... Begin: Running /scripts/local-top ... done.
Begin: Running /scripts/local-premount ... Scanning for Btrfs filesystems
[  149.238485] random: nonblocking pool is initialized
done.
Warning: fsck not present, so skipping root file system
[  149.513203] EXT4-fs (sda1): mounted filesystem with ordered data mode. Opts: (null)
done.
Begin: Running /scripts/local-bottom ... done.
Begin: Running /scripts/init-bottom ... done.
[  152.246563] systemd[1]: systemd 229 running in system mode. (+PAM +AUDIT +SELINUX +IMA +APPARMOR +SMACK +SYSVINIT +UTMP +LIBCRYPTSETUP +GCRYPT +GNUTLS +ACL +XZ -LZ4 +SECCOMP +BLKID +ELFUTILS +KMOD -IDN)
[  154.339383] systemd[1]: Detected virtualization oracle.
[  155.442949] systemd[1]: Detected architecture x86-64.

Welcome to [1mUbuntu 16.04.3 LTS[0m!

[  156.471247] systemd[1]: Set hostname to <ubuntu>.
[  157.555229] systemd[1]: Initializing machine ID from random generator.
[  158.951344] systemd[1]: Installed transient /etc/machine-id file.
[  161.659681] systemd[1]: Listening on LVM2 poll daemon socket.
[[0;32m  OK  [0m] Listening on LVM2 poll daemon socket.
[  162.784976] systemd[1]: Listening on Syslog Socket.
[[0;32m  OK  [0m] Listening on Syslog Socket.
[  163.825359] systemd[1]: Listening on Journal Socket (/dev/log).
[[0;32m  OK  [0m] Listening on Journal Socket (/dev/log).
[  163.837931] systemd[1]: Reached target User and Group Name Lookups.
[[0;32m  OK  [0m] Reached target User and Group Name Lookups.
[  164.262283] systemd[1]: Reached target Encrypted Volumes.
[[0;32m  OK  [0m] Reached target Encrypted Volumes.
[  164.766354] systemd[1]: Reached target Swap.
[[0;32m  OK  [0m] Reached target Swap.
[  165.564297] systemd[1]: Set up automount Arbitrary Executable File Formats File System Automount Point.
[[0;32m  OK  [0m] Set up automount Arbitrary Executab...ats File System Automount Point.
[  165.652605] systemd[1]: Started Forward Password Requests to Wall Directory Watch.
[[0;32m  OK  [0m] Started Forward Password Requests to Wall Directory Watch.
[  167.234920] systemd[1]: Listening on udev Control Socket.
[[0;32m  OK  [0m] Listening on udev Control Socket.
[  167.275185] systemd[1]: Created slice System Slice.
[[0;32m  OK  [0m] Created slice System Slice.
[  167.450456] systemd[1]: Listening on /dev/initctl Compatibility Named Pipe.
[[0;32m  OK  [0m] Listening on /dev/initctl Compatibility Named Pipe.
[  168.847334] systemd[1]: Created slice User and Session Slice.
[[0;32m  OK  [0m] Created slice User and Session Slice.
[  170.070276] systemd[1]: Reached target Slices.
[[0;32m  OK  [0m] Reached target Slices.
[  171.054370] systemd[1]: Listening on udev Kernel Socket.
[[0;32m  OK  [0m] Listening on udev Kernel Socket.
[  171.978863] systemd[1]: Created slice system-serial\x2dgetty.slice.
[[0;32m  OK  [0m] Created slice system-serial\x2dgetty.slice.
[  173.422445] systemd[1]: Listening on Journal Audit Socket.
[[0;32m  OK  [0m] Listening on Journal Audit Socket.
[  173.659911] systemd[1]: Started Trigger resolvconf update for networkd DNS.
[[0;32m  OK  [0m] Started Trigger resolvconf update for networkd DNS.
[  173.724721] systemd[1]: Listening on Device-mapper event daemon FIFOs.
[[0;32m  OK  [0m] Listening on Device-mapper event daemon FIFOs.
[  173.729222] systemd[1]: Listening on Journal Socket.
[[0;32m  OK  [0m] Listening on Journal Socket.
[  173.733522] systemd[1]: Starting Journal Service...
         Starting Journal Service...
[  173.779290] systemd[1]: Starting Remount Root and Kernel File Systems...
         Starting Remount Root and Kernel File Systems...
[  175.110958] systemd[1]: Mounting Huge Pages File System...
         Mounting Huge Pages File System...
[  175.113777] systemd[1]: Mounting POSIX Message Queue File System...
[  176.503993] EXT4-fs (sda1): re-mounted. Opts: (null)
         Mounting POSIX Message Queue File System...
[  177.647964] systemd[1]: Mounting Debug File System...
         Mounting Debug File System...
[  178.269919] systemd[1]: Starting Nameserver information manager...
         Starting Nameserver information manager...
[  178.884255] systemd[1]: Starting Uncomplicated firewall...
         Starting Uncomplicated firewall...
[  179.866750] systemd[1]: Starting Load Kernel Modules...
         Starting Load Kernel Modules...
[  180.940880] systemd[1]: Starting Create list of required static device nodes for the current kernel...
[  182.631239] Loading iSCSI transport class v2.0-870.
         Starting Create list of required st... nodes for the current kernel...
[  182.735302] systemd[1]: Listening on LVM2 metadata daemon socket.
[[0;32m  OK  [0m] Listening on LVM2 metadata daemon socket.
[  183.186139] systemd[1]: Starting Monitoring of LVM2 mirrors, snapshots etc. using dmeventd or progress polling...
         Starting Monitor[  185.282136] iscsi: registered transport (tcp)
ing of LVM2 mirrors... dmeventd or progress polling...
[  186.248605] systemd[1]: Starting Set console keymap...
         Starting Set console keymap...
[  187.380794] systemd[1]: Mounted POSIX Message Queue File System.
[[0;32m  OK  [0m] Mounted POSIX Message Queue File System.
[  188.521714] systemd[1]: Mounted Debug File System.
[[0;32m  OK  [0m] Mounted Debug File System.
[  188.605912] systemd[1]: Mounted Huge Pages File System.
[[0;32m  OK  [0[  189.526786] iscsi: registered transport (iser)
m] Mounted Huge Pages File System.
[  190.238567] systemd[1]: Started Journal Service.
[[0;32m  OK  [0m] Started Journal Service.
[[0;32m  OK  [0m] Started Remount Root and Kernel File Systems.
[[0;32m  OK  [0m] Started Uncomplicated firewall.
[[0;32m  OK  [0m] Started Load Kernel Modules.
[[0;32m  OK  [0m] Started Create list of required sta...ce nodes for the current kernel.
[[0;32m  OK  [0m] Started Set console keymap.
[[0;32m  OK  [0m] Started Nameserver information manager.
[[0;32m  OK  [0m] Started LVM2 metadata daemon.
         Starting Create Static Device Nodes in /dev...
         Mounting FUSE Control File System...
         Starting Apply Kernel Variables...
         Starting Initial cloud-init job (pre-networking)...
         Starting udev Coldplug all Devices...
         Starting Load/Save Random Seed...
         Starting Flush Journal to Persistent Storage...
[[0;32m  OK  [0m] Mounted FUSE Control File System.
[[0;32m  OK  [0m] Started Monitoring of LVM2 mirrors,...ng dmeventd or progress polling.
[[0;32m  OK  [0m] Started Create Static Device Nodes in /dev.
[[0;32m  OK  [0m] Started Apply Kernel Variables.
[[0;32m  OK  [0m] Started Load/Save Random Seed.
[[0;32m  OK  [0m] Started udev Coldplug all Devices.
         Starting udev Kernel Device Manager...
[[0;32m  OK  [0m] Started Flush Journal to Persistent Storage.
[[0;32m  OK  [0m] Started udev Kernel Device Manager.
[[0;32m  OK  [0m] Started Dispatch Password Requests to Console Directory Watch.
[[0;32m  OK  [0m] Reached target Local File Systems (Pre).
[[0;32m  OK  [0m] Reached target Local File Systems.
         Starting Create Volatile Files and Directories...
         Starting LSB: AppArmor initialization...
         Starting Commit a transient machine-id on disk...
         Starting Tell Plymouth To Write Out Runtime Data...
         Starting Set console font and keymap...
[[0;32m  OK  [0m] Started Create Volatile Files and Directories.
[[0;32m  OK  [0m] Started Commit a transient machine-id on disk.
[[0;32m  OK  [0m] Started Tell Plymouth To Write Out Runtime Data.
[[0;32m  OK  [0m] Found device /dev/ttyS0.
[[0;32m  OK  [0m] Reached target System Time Synchronized.
         Starting Update UTMP about System Boot/Shutdown...
[[0;32m  OK  [0m] Started Update UTMP about System Boot/Shutdown.
[[0;32m  OK  [0m] Listening on Load/Save RF Kill Switch Status /dev/rfkill Watch.
[[0;32m  OK  [0m] Started Set console font and keymap.
[[0;32m  OK  [0m] Created slice system-getty.slice.
[[0;32m  OK  [0m] Started LSB: AppArmor initialization.
[[0;32m  OK  [0m] Started Initial cloud-init job (pre-networking).
[  196.873068] cloud-init[445]: Cloud-init v. 17.1 running 'init-local' at Fri, 23 Feb 2018 14:17:35 +0000. Up 190.06 seconds.
[[0;32m  OK  [0m] Reached target Network (Pre).
         Starting Raise network interfaces...
[[0;32m  OK  [0m] Started Raise network interfaces.
[[0;32m  OK  [0m] Reached target Network.
         Starting Initial cloud-init job (metadata service crawler)...
[  206.394018] cloud-init[961]: Cloud-init v. 17.1 running 'init' at Fri, 23 Feb 2018 14:17:47 +0000. Up 201.08 seconds.
[  206.833054] cloud-init[961]: ci-info: ++++++++++++++++++++++++++++++++++++++Net device info++++++++++++++++++++++++++++++++++++++
[  206.902787] cloud-init[961]: ci-info: +--------+-------+----------------------------+---------------+-------+-------------------+
[[  207.004733] cloud-init[961]: ci-info: | Device |   Up  |          Address           |      Mask     | Scope |     Hw-Address    |
[  207.005646] cloud-init[961]: ci-info: +--------+-------+----------------------------+---------------+-------+-------------------+
[  207.006021] cloud-init[961]: ci-info: | enp0s3 |  True |         10.0.2.15          | 255.255.255.0 |   .   | 02:ab:3b:f0:d4:f7 |
[  207.006387] cloud-init[961]: ci-info: | enp0s3 |  True | fe80::ab:3bff:fef0:d4f7/64 |       .       |  link | 02:ab:3b:f0:d4:f7 |
[  207.006747] cloud-init[961]: ci-info: | enp0s8 | False |             .              |       .       |   .   | 08:00:27:2f:b0:3d |
[  207.007125] cloud-init[961]: ci-info: |   lo   |  True |         127.0.0.1          |   255.0.0.0   |   .   |         .         |
[  207.007508] cloud-init[961]: ci-info: |   lo   |  True |          ::1/128           |       .       |  host |         .         |
[  207.007868] cloud-init[961]: ci-info: +--------+-------+----------------------------+---------------+-------+-------------------+
[0;32m  OK  [0m] Started Initial cloud-init job (metadata service crawler).
[  207.008823] cloud-init[961]: ci-info: +++++++++++++++++++++++++++Route IPv4 info++++++++++++++++++++++++++++
[  207.147777] cloud-init[961]: ci-info: +-------+-------------+----------+---------------+-----------+-------+
[[0;32m  OK  [0m] Reached target System Initialization.
[[0;32m  OK  [0m] Listening on D-Bus System Message Bus Socket.
[  207.151867] cloud-init[961]: ci-info: | Route | Destination | Gateway  |    Genmask    | Interface | Flags |
[[0;32m  OK  [0m] Started ACPI Events Check.
[[0;32m  OK  [0m] Reached target Paths.[  207.291495] cloud-init[961]: ci-info: +-------+-------------+----------+---------------+-----------+-------+
[  207.297095] cloud-init[961]: ci-info: |   0   |   0.0.0.0   | 10.0.2.2 |    0.0.0.0    |   enp0s3  |   UG  |
[  207.297295] cloud-init[961]: ci-info: |   1   |   10.0.2.0  | 0.0.0.0  | 255.255.255.0 |   enp0s3  |   U   |
[  207.297477] cloud-init[961]: ci-info: +-------+-------------+----------+---------------+-----------+-------+
[  207.297783] cloud-init[961]: Generating public/private rsa key pair.
[  207.297979] cloud-init[961]: Your identification has been saved in /etc/ssh/ssh_host_rsa_key.
[  207.298159] cloud-init[961]: Your public key has been saved in /etc/ssh/ssh_host_rsa_key.pub.
[  207.298338] cloud-init[961]: The key fingerprint is:
[  207.298515] cloud-init[961]: SHA256:xBa9fGSWw2oV6klwoeDF92Ptx+Kyc24yfCNQHOiADQA root@ubuntu-xenial
[  207.298690] cloud-init[961]: The key's randomart image is:
[  207.298880] cloud-init[961]: +---[RSA 2048]----+
[  207.299059] cloud-init[961]: |  E...o=+.o+.o   |
[  207.299233] cloud-init[961]: |     ..++=+.X    |
[  207.299408] cloud-init[961]: |      . ==oX +   |
[  207.299564] cloud-init[961]: |       o o*.B .  |
[  207.299725] cloud-init[961]: |        S.o+ o . |
[  207.299882] cloud-init[961]: |          .   o o|

[  207.300202] cloud-init[961]: |           o . o |
[[0;32m  OK  [0m] Started Daily Cleanup of Temporary Directories.
[  207.456124] cloud-init[961]: |            B *  |
[  207.489707] cloud-init[961]: |            .%.. |
[  207.531882] cloud-init[961]: +----[SHA256]-----+
[  207.533382] cloud-init[961]: Generating public/private dsa key pair.
[  207.533628] cloud-init[961]: Your identification has been saved in /etc/ssh/ssh_host_dsa_key.
[  207.533813] cloud-init[961]: Your public key has been saved in /etc/ssh/ssh_host_dsa_key.pub.
[  207.533994] cloud-init[961]: The key fingerprint is:
[  207.534177] cloud-init[961]: SHA256:HBekwHiY5ua2GYumpX0TM51Hnua7sC2EkP8yM16eNlM root@ubuntu-xenial
[  207.534358] cloud-init[961]: The key's randomart image is:
[  207.534538] cloud-init[961]: +---[DSA 1024]----+
[  207.534713] cloud-init[961]: |     =.  .o      |
[  207.535080] cloud-init[961]: |    = o. . .     |
[  207.535282] cloud-init[961]: |   + .  o .      |
[  207.535461] cloud-init[961]: |  o o  ..o       |
[  207.535639] cloud-init[961]: |   = o +S.       |
[  207.535821] cloud-init[961]: |    X + E        |
[  207.535999] cloud-init[961]: |  .o @o=         |
[  207.536185] cloud-init[961]: | +o @o*=.        |
[  207.536359] cloud-init[961]: |oo.o.B+++o       |
         Starting LXD - unix socket.
[  207.536747] cloud-init[961]: +----[SHA256]-----+
[  207.668826] cloud-init[961]: Generating public/private ecdsa key pair.
[  207.672180] cloud-init[961]: Your identification has been saved in /etc/ssh/ssh_host_ecdsa_key.
[  207.672396] cloud-init[961]: Your public key has been saved in /etc/ssh/ssh_host_ecdsa_key.pub.
[  207.672484] cloud-init[961]: The key fingerprint is:
[  207.672541] cloud-init[961]: SHA256:4CcOhwRF9YWUHt4XseEGA79uBIzVkkfthNLeGQFbbTA root@ubuntu-xenial
[  207.672596] cloud-init[961]: The key's randomart image is:
[  207.672651] cloud-init[961]: +---[ECDSA 256]---+
[  207.672707] cloud-init[961]: |  .oo...+O*+E=   |
[  207.672763] cloud-init[961]: |   .   =Bo=*=+o  |
[  207.672816] cloud-init[961]: |    . oo+Bo++=   |
[  207.672872] cloud-init[961]: |   . o .o.oo=    |
[  207.672926] cloud-init[961]: |    o + S o.     |
[  207.672993] cloud-init[961]: |     + o o       |
[  207.673050] cloud-init[961]: |      .   o      |
[  207.673104] cloud-init[961]: |         .       |
[  207.673163] cloud-init[961]: |                 |
[  207.673217] cloud-init[961]: +----[SHA256]-----+
[  207.673273] cloud-init[961]: Generating public/private ed25519 key pair.
[  207.673332] cloud-init[961]: Your identification has been saved in /etc/ssh/ssh_host_ed25519_key.
[  207.673386] cloud-init[961]: Your public key has been saved in /etc/ssh/ssh_host_ed25519_key.pub.
[  207.673441] cloud-init[961]: The key fingerprint is:
[  207.673495] cloud-init[961]: SHA256:dDzHlPhapulaahBNHOIYslzyEARCCK402J4JK0gR0ZM root@ubuntu-xenial
[  207.673550] cloud-init[961]: The key's randomart image is:
[  207.673605] cloud-init[961]: +--[ED25519 256]--+
[  207.673659] cloud-init[961]: |BBX.+ .... ...   |
[  207.673713] cloud-init[961]: |=o.E + .o..o.    |
[  207.673767] cloud-init[961]: |o=+ + .o. +.o    |
[  207.673824] cloud-init[961]: |=+.o  .... o+    |
[  207.673879] cloud-init[961]: |= +    .S  *     |
[  207.673933] cloud-init[961]: |.     .   +      |
[  207.673988] cloud-init[961]: |       . ..      |
[  207.674042] cloud-init[961]: |        .o.      |
[[0;32m  OK  [0m] Started Timer to automatically refresh installed snaps.
         Starting Socket activation for snappy daemon.
[  207.733069] cloud-init[961]: |       .o.       |
[[0;32m  OK  [0m] Listening on UUID daemon activation socket.
[  208.296030] cloud-init[961]: +----[SHA256]-----+
[[0;32m  OK  [0m] Listening on ACPID Listen Socket.
[[0;32m  OK  [0m] Started Daily apt download activities.
[[0;32m  OK  [0m] Started Daily apt upgrade and clean activities.
[[0;32m  OK  [0m] Reached target Timers.
[[0;32m  OK  [0m] Reached target Cloud-config availability.
[[0;32m  OK  [0m] Reached target Network is Online.
         Starting iSCSI initiator daemon (iscsid)...
[[0;32m  OK  [0m] Listening on LXD - unix socket.
[[0;32m  OK  [0m] Listening on Socket activation for snappy daemon.
[[0;32m  OK  [0m] Reached target Sockets.
[[0;32m  OK  [0m] Reached target Basic System.
         Starting /etc/rc.local Compatibility...
         Starting LSB: MD monitoring daemon...
[[0;32m  OK  [0m] Started Unattended Upgrades Shutdown.
[[0;32m  OK  [0m] Started Regular background program processing daemon.
[[0;32m  OK  [0m] Started FUSE filesystem for LXC.
         Starting LSB: Record successful boot for GRUB...
         Starting LXD - container startup/shutdown...
         Starting Apply the settings specified in cloud-config...
         Starting Pollinate to seed the pseudo random number generator...
         Starting Snappy daemon...
         Starting Accounts Service...
[[0;32m  OK  [0m] Started ACPI event daemon.
[[0;32m  OK  [0m] Started Deferred execution scheduler.
         Starting System Logging Service...
[[0;32m  OK  [0m] Started D-Bus System Message Bus.
         Starting Login Service...
[[0;32m  OK  [0m] Started System Logging Service.
[[0;32m  OK  [0m] Started /etc/rc.local Compatibility.
[[0;32m  OK  [0m] Started LXD - container startup/shutdown.
[[0;32m  OK  [0m] Started iSCSI initiator daemon (iscsid).
[[0;32m  OK  [0m] Started Login Service.
         Starting Authenticate and Authorize Users to Run Privileged Tasks...
         Starting Login to default iSCSI targets...
[[0;32m  OK  [0m] Started LSB: Record successful boot for GRUB.
[[0;32m  OK  [0m] Started LSB: MD monitoring daemon.
[  215.578889] cloud-init[1086]: Generating locales (this might take a while)...
[[0;32m  OK  [0m] Started Authenticate and Authorize Users to Run Privileged Tasks.
[[0;32m  OK  [0m] Started Login to default iSCSI targets.
[[0;32m  OK  [0m] Started Snappy daemon.
[[0;32m  OK  [0m] Started Accounts Service.
[[0;32m  OK  [0m] Reached target Remote File Systems (Pre).
[[0;32m  OK  [0m] Reached target Remote File Systems.
         Starting LSB: Set the CPU Frequency Scaling governor to "ondemand"...
         Starting Permit User Sessions...
         Starting LSB: daemon to balance interrupts for SMP systems...
         Starting LSB: VirtualBox Linux Additions...
         Starting LSB: automatic crash report generation...
[[0;32m  OK  [0m] Started Permit User Sessions.
[[0;32m  OK  [0m] Started Pollinate to seed the pseudo random number generator.
[[0;32m  OK  [0m] Started LSB: Set the CPU Frequency Scaling governor to "ondemand".
         Starting OpenBSD Secure Shell server...
         Starting Hold until boot process finishes up...
         Starting Terminate Plymouth Boot Screen...
[[0;32m  OK  [0m] Started OpenBSD Secure Shell server.
[[0;32m  OK  [0m] Started LSB: daemon to balance interrupts for SMP systems.
[[0;32m  OK  [0m] Started Hold until boot process finishes up.
[[0;32m  OK  [0m] Started Terminate Plymouth Boot Screen.
[[0;32m  OK  [0m] Started Getty on tty1.
         Starting Set console scheme...
[[0;32m  OK  [0m] Started Serial Getty on ttyS0.
[[0;32m  OK  [0m] Reached target Login Prompts.
[[0;32m  OK  [0m] Started LSB: automatic crash report generation.
[[0;32m  OK  [0m] Started Set console scheme.
[[0;32m  OK  [0m] Started LSB: VirtualBox Linux Additions.
[[0;32m  OK  [0m] Reached target Multi-User System.
[[0;32m  OK  [0m] Reached target Graphical Interface.
         Starting Update UTMP about System Runlevel Changes...
[  222.456137] cloud-init[1086]:   en_US.UTF-8... done
[[0;32m  OK  [0m] Started Update UTMP about System Runlevel Changes.
[  222.658624] cloud-init[1086]: Generation complete.
[  225.155338] cloud-init[1086]: Cloud-init v. 17.1 running 'modules:config' at Fri, 23 Feb 2018 14:17:59 +0000. Up 213.33 seconds.
[[0;32m  OK  [0m] Started Apply the settings specified in cloud-config.
         Starting Execute cloud user/final scripts...

Ubuntu 16.04.3 LTS ubuntu-xenial ttyS0

ubuntu-xenial login: ci-info: no authorized ssh keys fingerprints found for user ubuntu.
<14>Feb 23 14:18:14 ec2: 
<14>Feb 23 14:18:14 ec2: #############################################################
<14>Feb 23 14:18:14 ec2: -----BEGIN SSH HOST KEY FINGERPRINTS-----
<14>Feb 23 14:18:14 ec2: 1024 SHA256:HBekwHiY5ua2GYumpX0TM51Hnua7sC2EkP8yM16eNlM root@ubuntu-xenial (DSA)
<14>Feb 23 14:18:14 ec2: 256 SHA256:4CcOhwRF9YWUHt4XseEGA79uBIzVkkfthNLeGQFbbTA root@ubuntu-xenial (ECDSA)
<14>Feb 23 14:18:14 ec2: 256 SHA256:dDzHlPhapulaahBNHOIYslzyEARCCK402J4JK0gR0ZM root@ubuntu-xenial (ED25519)
<14>Feb 23 14:18:14 ec2: 2048 SHA256:xBa9fGSWw2oV6klwoeDF92Ptx+Kyc24yfCNQHOiADQA root@ubuntu-xenial (RSA)
<14>Feb 23 14:18:14 ec2: -----END SSH HOST KEY FINGERPRINTS-----
<14>Feb 23 14:18:14 ec2: #############################################################
-----BEGIN SSH HOST KEY KEYS-----
ecdsa-sha2-nistp256 AAAAE2VjZHNhLXNoYTItbmlzdHAyNTYAAAAIbmlzdHAyNTYAAABBBN3GJICi2Gvg5tLwnAk00K/8B/L1WU/fWfTCHPB2ep9rQIHJxxbWNdHGVeEh6WSZBM6n2FdCLO+W0yV/KgCvmfM= root@ubuntu-xenial
ssh-ed25519 AAAAC3NzaC1lZDI1NTE5AAAAIIVyIEaZoGDDfXp4wgK93Z2F8AJoVEFULr8lybyzbCKm root@ubuntu-xenial
ssh-rsa AAAAB3NzaC1yc2EAAAADAQABAAABAQDIo/dNaqwMLjDCJXEYBSTlLWS5W5tS43xwI8rXcgfuQsKKKTWiv48Z+tP3pKKh7h2C+q0ADwWLyYcdeAwLnQ4Sn4mWVWzyMcsU3n2ZV81mDwVbfe9H9FOpjIR1LF1MG46Ps3a5DZcASRzEZ3+aA639Yr7zoo4/f3mm5JIW4UXiN4dU8jA3XTSM7pkNUQgPrvJBvhO8ae4aLgCfgj68SB/xp8BPCob5EVy6VVhOrnR3AA0Hi3S+l6yT1ajgvO86HtRpNEu2UHMVl6gZxp8FrEdHg3yIxzGFwSGF3Y8Hv6IUmyYYg7+2g2QST+F87T84qzvMKbg8y2S4Cdr+vPK8enlH root@ubuntu-xenial
-----END SSH HOST KEY KEYS-----
[  229.069346] cloud-init[1338]: Cloud-init v. 17.1 running 'modules:final' at Fri, 23 Feb 2018 14:18:13 +0000. Up 227.71 seconds.
[  229.069973] cloud-init[1338]: ci-info: no authorized ssh keys fingerprints found for user ubuntu.
[  229.070466] cloud-init[1338]: Cloud-init v. 17.1 finished at Fri, 23 Feb 2018 14:18:14 +0000. Datasource DataSourceNoCloud [seed=/dev/sdb][dsmode=net].  Up 228.96 seconds
